2021-12-08 12:07:57.092  INFO 9488 --- [main] c.c.p.PatientChartingApplication         : Starting PatientChartingApplication using Java 11.0.12 on 2P8GJW2 with PID 9488 (C:\Users\RJ093045\Documents\workspace-sts-3.9.12.RELEASE\PatientCharting\target\classes started by RJ093045 in C:\Users\RJ093045\Documents\workspace-sts-3.9.12.RELEASE\PatientCharting)
2021-12-08 12:07:57.099  INFO 9488 --- [main] c.c.p.PatientChartingApplication         : No active profile set, falling back to default profiles: default
2021-12-08 12:07:57.725  INFO 9488 --- [main] .s.d.r.c.RepositoryConfigurationDelegate : Bootstrapping Spring Data JPA repositories in DEFAULT mode.
2021-12-08 12:07:57.790  INFO 9488 --- [main] .s.d.r.c.RepositoryConfigurationDelegate : Finished Spring Data repository scanning in 56 ms. Found 3 JPA repository interfaces.
2021-12-08 12:07:58.226  INFO 9488 --- [main] o.s.b.w.embedded.tomcat.TomcatWebServer  : Tomcat initialized with port(s): 8182 (http)
2021-12-08 12:07:58.233  INFO 9488 --- [main] o.apache.catalina.core.StandardService   : Starting service [Tomcat]
2021-12-08 12:07:58.234  INFO 9488 --- [main] org.apache.catalina.core.StandardEngine  : Starting Servlet engine: [Apache Tomcat/9.0.54]
2021-12-08 12:07:58.339  INFO 9488 --- [main] o.a.c.c.C.[Tomcat].[localhost].[/]       : Initializing Spring embedded WebApplicationContext
2021-12-08 12:07:58.340  INFO 9488 --- [main] w.s.c.ServletWebServerApplicationContext : Root WebApplicationContext: initialization completed in 1195 ms
2021-12-08 12:07:58.453  INFO 9488 --- [main] o.hibernate.jpa.internal.util.LogHelper  : HHH000204: Processing PersistenceUnitInfo [name: default]
2021-12-08 12:07:58.506  INFO 9488 --- [main] org.hibernate.Version                    : HHH000412: Hibernate ORM core version 5.4.32.Final
2021-12-08 12:07:58.617  INFO 9488 --- [main] o.hibernate.annotations.common.Version   : HCANN000001: Hibernate Commons Annotations {5.1.2.Final}
2021-12-08 12:07:58.718  INFO 9488 --- [main] com.zaxxer.hikari.HikariDataSource       : HikariPool-1 - Starting...
2021-12-08 12:07:59.013  INFO 9488 --- [main] com.zaxxer.hikari.HikariDataSource       : HikariPool-1 - Start completed.
2021-12-08 12:07:59.024  INFO 9488 --- [main] org.hibernate.dialect.Dialect            : HHH000400: Using dialect: org.hibernate.dialect.MySQL5InnoDBDialect
2021-12-08 12:07:59.747  INFO 9488 --- [main] o.h.e.t.j.p.i.JtaPlatformInitiator       : HHH000490: Using JtaPlatform implementation: [org.hibernate.engine.transaction.jta.platform.internal.NoJtaPlatform]
2021-12-08 12:07:59.756  INFO 9488 --- [main] j.LocalContainerEntityManagerFactoryBean : Initialized JPA EntityManagerFactory for persistence unit 'default'
2021-12-08 12:08:00.077  WARN 9488 --- [main] JpaBaseConfiguration$JpaWebConfiguration : spring.jpa.open-in-view is enabled by default. Therefore, database queries may be performed during view rendering. Explicitly configure spring.jpa.open-in-view to disable this warning
2021-12-08 12:08:00.421  INFO 9488 --- [main] o.s.s.web.DefaultSecurityFilterChain     : Will secure any request with [org.springframework.security.web.context.request.async.WebAsyncManagerIntegrationFilter@7e532f2d, org.springframework.security.web.context.SecurityContextPersistenceFilter@41cf4272, org.springframework.security.web.header.HeaderWriterFilter@4891d727, org.springframework.web.filter.CorsFilter@42150951, org.springframework.security.web.authentication.logout.LogoutFilter@74c23525, com.cerner.patientcharting.util.JwtFilter@75adb1c0, org.springframework.security.web.savedrequest.RequestCacheAwareFilter@4769537a, org.springframework.security.web.servletapi.SecurityContextHolderAwareRequestFilter@1a4ae53d, org.springframework.security.web.authentication.AnonymousAuthenticationFilter@248b2091, org.springframework.security.web.session.SessionManagementFilter@749c0669, org.springframework.security.web.access.ExceptionTranslationFilter@488279d3, org.springframework.security.web.access.intercept.FilterSecurityInterceptor@2627335c]
2021-12-08 12:08:00.591  INFO 9488 --- [main] o.s.b.w.embedded.tomcat.TomcatWebServer  : Tomcat started on port(s): 8182 (http) with context path ''
2021-12-08 12:08:00.599  INFO 9488 --- [main] c.c.p.PatientChartingApplication         : Started PatientChartingApplication in 3.826 seconds (JVM running for 4.598)
2021-12-08 12:08:38.674  INFO 9488 --- [http-nio-8182-exec-1] o.a.c.c.C.[Tomcat].[localhost].[/]       : Initializing Spring DispatcherServlet 'dispatcherServlet'
2021-12-08 12:08:38.675  INFO 9488 --- [http-nio-8182-exec-1] o.s.web.servlet.DispatcherServlet        : Initializing Servlet 'dispatcherServlet'
2021-12-08 12:08:38.677  INFO 9488 --- [http-nio-8182-exec-1] o.s.web.servlet.DispatcherServlet        : Completed initialization in 1 ms
2021-12-08 12:08:39.045  INFO 9488 --- [http-nio-8182-exec-2] c.c.p.controller.UserController          : Jwt token is successfully generated
2021-12-08 12:08:46.816  INFO 9488 --- [http-nio-8182-exec-4] c.c.p.c.PatientDetailsController         : List of all patient details obtained
2021-12-08 12:09:01.791  INFO 9488 --- [http-nio-8182-exec-6] c.c.p.c.PatientDetailsController         : Patient Details Successfully Updated
2021-12-08 12:09:03.342  INFO 9488 --- [http-nio-8182-exec-7] c.c.p.c.PatientDetailsController         : List of all patient details obtained
2021-12-08 12:55:54.470  WARN 9488 --- [HikariPool-1 housekeeper] com.zaxxer.hikari.pool.HikariPool        : HikariPool-1 - Thread starvation or clock leap detected (housekeeper delta=27m54s981ms387µs).
2021-12-08 14:12:49.632  WARN 9488 --- [HikariPool-1 housekeeper] com.zaxxer.hikari.pool.HikariPool        : HikariPool-1 - Thread starvation or clock leap detected (housekeeper delta=1h5m55s4ms462µs500ns).
2021-12-08 14:14:32.757  INFO 9488 --- [http-nio-8182-exec-10] c.c.p.controller.UserController          : Jwt token is successfully generated
2021-12-08 14:30:43.961  INFO 9488 --- [RMI TCP Connection(2)-127.0.0.1] inMXBeanRegistrar$SpringApplicationAdmin : Application shutdown requested.
2021-12-08 14:30:44.388  INFO 9488 --- [RMI TCP Connection(2)-127.0.0.1] j.LocalContainerEntityManagerFactoryBean : Closing JPA EntityManagerFactory for persistence unit 'default'
2021-12-08 14:30:44.393  INFO 9488 --- [RMI TCP Connection(2)-127.0.0.1] com.zaxxer.hikari.HikariDataSource       : HikariPool-1 - Shutdown initiated...
2021-12-08 14:30:44.442  INFO 9488 --- [RMI TCP Connection(2)-127.0.0.1] com.zaxxer.hikari.HikariDataSource       : HikariPool-1 - Shutdown completed.
2021-12-08 14:31:31.472  INFO 13164 --- [main] c.c.p.c.PatientDetailsControllerTest     : Starting PatientDetailsControllerTest using Java 11.0.12 on 2P8GJW2 with PID 13164 (started by RJ093045 in C:\Users\RJ093045\Documents\workspace-sts-3.9.12.RELEASE\PatientCharting)
2021-12-08 14:31:31.474  INFO 13164 --- [main] c.c.p.c.PatientDetailsControllerTest     : No active profile set, falling back to default profiles: default
2021-12-08 14:31:33.180  INFO 13164 --- [main] .s.d.r.c.RepositoryConfigurationDelegate : Bootstrapping Spring Data JPA repositories in DEFAULT mode.
2021-12-08 14:31:33.313  INFO 13164 --- [main] .s.d.r.c.RepositoryConfigurationDelegate : Finished Spring Data repository scanning in 118 ms. Found 3 JPA repository interfaces.
2021-12-08 14:31:34.465  INFO 13164 --- [main] o.hibernate.jpa.internal.util.LogHelper  : HHH000204: Processing PersistenceUnitInfo [name: default]
2021-12-08 14:31:34.573  INFO 13164 --- [main] org.hibernate.Version                    : HHH000412: Hibernate ORM core version 5.4.32.Final
2021-12-08 14:31:34.829  INFO 13164 --- [main] o.hibernate.annotations.common.Version   : HCANN000001: Hibernate Commons Annotations {5.1.2.Final}
2021-12-08 14:31:35.583  INFO 13164 --- [main] com.zaxxer.hikari.HikariDataSource       : HikariPool-1 - Starting...
2021-12-08 14:31:36.203  INFO 13164 --- [main] com.zaxxer.hikari.HikariDataSource       : HikariPool-1 - Start completed.
2021-12-08 14:31:36.237  INFO 13164 --- [main] org.hibernate.dialect.Dialect            : HHH000400: Using dialect: org.hibernate.dialect.MySQL5InnoDBDialect
2021-12-08 14:31:38.125  INFO 13164 --- [main] o.h.e.t.j.p.i.JtaPlatformInitiator       : HHH000490: Using JtaPlatform implementation: [org.hibernate.engine.transaction.jta.platform.internal.NoJtaPlatform]
2021-12-08 14:31:38.147  INFO 13164 --- [main] j.LocalContainerEntityManagerFactoryBean : Initialized JPA EntityManagerFactory for persistence unit 'default'
2021-12-08 14:31:38.332  WARN 13164 --- [main] JpaBaseConfiguration$JpaWebConfiguration : spring.jpa.open-in-view is enabled by default. Therefore, database queries may be performed during view rendering. Explicitly configure spring.jpa.open-in-view to disable this warning
2021-12-08 14:31:40.582  INFO 13164 --- [main] o.s.s.web.DefaultSecurityFilterChain     : Will secure any request with [org.springframework.security.web.context.request.async.WebAsyncManagerIntegrationFilter@7940b729, org.springframework.security.web.context.SecurityContextPersistenceFilter@a84b6de, org.springframework.security.web.header.HeaderWriterFilter@3f78a5ed, org.springframework.web.filter.CorsFilter@527d1fe1, org.springframework.security.web.authentication.logout.LogoutFilter@524dd373, com.cerner.patientcharting.util.JwtFilter@698e1bf5, org.springframework.security.web.savedrequest.RequestCacheAwareFilter@73905dff, org.springframework.security.web.servletapi.SecurityContextHolderAwareRequestFilter@12478b4e, org.springframework.security.web.authentication.AnonymousAuthenticationFilter@24fb752f, org.springframework.security.web.session.SessionManagementFilter@48f2d51d, org.springframework.security.web.access.ExceptionTranslationFilter@267b678f, org.springframework.security.web.access.intercept.FilterSecurityInterceptor@28b4b10e]
2021-12-08 14:31:41.454  INFO 13164 --- [main] c.c.p.c.PatientDetailsControllerTest     : Started PatientDetailsControllerTest in 10.516 seconds (JVM running for 12.958)
2021-12-08 14:31:41.917  INFO 13164 --- [main] o.s.mock.web.MockServletContext          : Initializing Spring TestDispatcherServlet ''
2021-12-08 14:31:41.918  INFO 13164 --- [main] o.s.t.web.servlet.TestDispatcherServlet  : Initializing Servlet ''
2021-12-08 14:31:41.920  INFO 13164 --- [main] o.s.t.web.servlet.TestDispatcherServlet  : Completed initialization in 1 ms
2021-12-08 14:31:42.265  INFO 13164 --- [main] c.c.p.service.PatientDetailServiceImpl   : MrnNo is unique
2021-12-08 14:31:42.436  INFO 13164 --- [main] c.c.p.c.PatientDetailsController         : Patient Details created
2021-12-08 14:31:42.535  INFO 13164 --- [main] o.s.mock.web.MockServletContext          : Initializing Spring TestDispatcherServlet ''
2021-12-08 14:31:42.535  INFO 13164 --- [main] o.s.t.web.servlet.TestDispatcherServlet  : Initializing Servlet ''
2021-12-08 14:31:42.536  INFO 13164 --- [main] o.s.t.web.servlet.TestDispatcherServlet  : Completed initialization in 1 ms
2021-12-08 14:31:42.547  INFO 13164 --- [main] c.c.p.service.PatientDetailServiceImpl   : MrnNo is unique
2021-12-08 14:31:42.566  INFO 13164 --- [main] c.c.p.c.PatientDetailsController         : Patient Details created
2021-12-08 14:31:42.634  INFO 13164 --- [main] c.c.p.c.PatientDetailsController         : Patient found with given name
2021-12-08 14:31:42.686  INFO 13164 --- [main] o.s.mock.web.MockServletContext          : Initializing Spring TestDispatcherServlet ''
2021-12-08 14:31:42.687  INFO 13164 --- [main] o.s.t.web.servlet.TestDispatcherServlet  : Initializing Servlet ''
2021-12-08 14:31:42.687  INFO 13164 --- [main] o.s.t.web.servlet.TestDispatcherServlet  : Completed initialization in 0 ms
2021-12-08 14:31:42.693  INFO 13164 --- [main] c.c.p.c.PatientDetailsController         : Patient not found with given name
2021-12-08 14:31:42.723  INFO 13164 --- [main] o.s.mock.web.MockServletContext          : Initializing Spring TestDispatcherServlet ''
2021-12-08 14:31:42.723  INFO 13164 --- [main] o.s.t.web.servlet.TestDispatcherServlet  : Initializing Servlet ''
2021-12-08 14:31:42.724  INFO 13164 --- [main] o.s.t.web.servlet.TestDispatcherServlet  : Completed initialization in 0 ms
2021-12-08 14:31:42.738  INFO 13164 --- [main] c.c.p.c.PatientDetailsController         : Patient Details Successfully Updated
2021-12-08 14:31:42.770  INFO 13164 --- [main] o.s.mock.web.MockServletContext          : Initializing Spring TestDispatcherServlet ''
2021-12-08 14:31:42.771  INFO 13164 --- [main] o.s.t.web.servlet.TestDispatcherServlet  : Initializing Servlet ''
2021-12-08 14:31:42.772  INFO 13164 --- [main] o.s.t.web.servlet.TestDispatcherServlet  : Completed initialization in 0 ms
2021-12-08 14:31:42.777  WARN 13164 --- [main] IdValueNull                              : Id value is null
2021-12-08 14:31:42.807  INFO 13164 --- [main] o.s.mock.web.MockServletContext          : Initializing Spring TestDispatcherServlet ''
2021-12-08 14:31:42.807  INFO 13164 --- [main] o.s.t.web.servlet.TestDispatcherServlet  : Initializing Servlet ''
2021-12-08 14:31:42.808  INFO 13164 --- [main] o.s.t.web.servlet.TestDispatcherServlet  : Completed initialization in 0 ms
2021-12-08 14:31:42.830  INFO 13164 --- [main] c.c.p.c.PatientDetailsController         : List of all patient details obtained
2021-12-08 14:31:42.882  INFO 13164 --- [main] o.s.mock.web.MockServletContext          : Initializing Spring TestDispatcherServlet ''
2021-12-08 14:31:42.883  INFO 13164 --- [main] o.s.t.web.servlet.TestDispatcherServlet  : Initializing Servlet ''
2021-12-08 14:31:42.883  INFO 13164 --- [main] o.s.t.web.servlet.TestDispatcherServlet  : Completed initialization in 0 ms
2021-12-08 14:31:42.889  INFO 13164 --- [main] c.c.p.service.PatientDetailServiceImpl   : MrnNo is unique
2021-12-08 14:31:42.910  INFO 13164 --- [main] c.c.p.c.PatientDetailsController         : Patient Details created
2021-12-08 14:31:42.917  WARN 13164 --- [main] RecordAlreadyExsists                     : Record already exists
2021-12-08 14:31:42.937  INFO 13164 --- [main] .b.t.c.SpringBootTestContextBootstrapper : Neither @ContextConfiguration nor @ContextHierarchy found for test class [com.cerner.patientcharting.controller.UserControllerTest], using SpringBootContextLoader
2021-12-08 14:31:42.938  INFO 13164 --- [main] o.s.t.c.support.AbstractContextLoader    : Could not detect default resource locations for test class [com.cerner.patientcharting.controller.UserControllerTest]: no resource found for suffixes {-context.xml, Context.groovy}.
2021-12-08 14:31:42.939  INFO 13164 --- [main] t.c.s.AnnotationConfigContextLoaderUtils : Could not detect default configuration classes for test class [com.cerner.patientcharting.controller.UserControllerTest]: UserControllerTest does not declare any static, non-private, non-final, nested classes annotated with @Configuration.
2021-12-08 14:31:42.942  INFO 13164 --- [main] .b.t.c.SpringBootTestContextBootstrapper : Found @SpringBootConfiguration com.cerner.patientcharting.PatientChartingApplication for test class com.cerner.patientcharting.controller.UserControllerTest
2021-12-08 14:31:42.946  INFO 13164 --- [main] .b.t.c.SpringBootTestContextBootstrapper : Loaded default TestExecutionListener class names from location [META-INF/spring.factories]: [org.springframework.boot.test.mock.mockito.MockitoTestExecutionListener, org.springframework.boot.test.mock.mockito.ResetMocksTestExecutionListener, org.springframework.boot.test.autoconfigure.restdocs.RestDocsTestExecutionListener, org.springframework.boot.test.autoconfigure.web.client.MockRestServiceServerResetTestExecutionListener, org.springframework.boot.test.autoconfigure.web.servlet.MockMvcPrintOnlyOnFailureTestExecutionListener, org.springframework.boot.test.autoconfigure.web.servlet.WebDriverTestExecutionListener, org.springframework.boot.test.autoconfigure.webservices.client.MockWebServiceServerTestExecutionListener, org.springframework.test.context.web.ServletTestExecutionListener, org.springframework.test.context.support.DirtiesContextBeforeModesTestExecutionListener, org.springframework.test.context.event.ApplicationEventsTestExecutionListener, org.springframework.test.context.support.DependencyInjectionTestExecutionListener, org.springframework.test.context.support.DirtiesContextTestExecutionListener, org.springframework.test.context.transaction.TransactionalTestExecutionListener, org.springframework.test.context.jdbc.SqlScriptsTestExecutionListener, org.springframework.test.context.event.EventPublishingTestExecutionListener, org.springframework.security.test.context.support.WithSecurityContextTestExecutionListener, org.springframework.security.test.context.support.ReactorContextTestExecutionListener]
2021-12-08 14:31:42.947  INFO 13164 --- [main] .b.t.c.SpringBootTestContextBootstrapper : Using TestExecutionListeners: [org.springframework.test.context.web.ServletTestExecutionListener@445d4517, org.springframework.test.context.support.DirtiesContextBeforeModesTestExecutionListener@3284f91f, org.springframework.test.context.event.ApplicationEventsTestExecutionListener@125bc00d, org.springframework.boot.test.mock.mockito.MockitoTestExecutionListener@77e4ffe5, org.springframework.boot.test.autoconfigure.SpringBootDependencyInjectionTestExecutionListener@59bf79f3, org.springframework.test.context.support.DirtiesContextTestExecutionListener@4c663fda, org.springframework.test.context.transaction.TransactionalTestExecutionListener@f1d5f3, org.springframework.test.context.jdbc.SqlScriptsTestExecutionListener@50ba19df, org.springframework.test.context.event.EventPublishingTestExecutionListener@726882da, org.springframework.security.test.context.support.WithSecurityContextTestExecutionListener@f0deba2, org.springframework.security.test.context.support.ReactorContextTestExecutionListener@1ddf9fd, org.springframework.boot.test.mock.mockito.ResetMocksTestExecutionListener@1297cf8, org.springframework.boot.test.autoconfigure.restdocs.RestDocsTestExecutionListener@37e15055, org.springframework.boot.test.autoconfigure.web.client.MockRestServiceServerResetTestExecutionListener@57d1edf0, org.springframework.boot.test.autoconfigure.web.servlet.MockMvcPrintOnlyOnFailureTestExecutionListener@39adf4e6, org.springframework.boot.test.autoconfigure.web.servlet.WebDriverTestExecutionListener@73299197, org.springframework.boot.test.autoconfigure.webservices.client.MockWebServiceServerTestExecutionListener@4ef7145f]
2021-12-08 14:31:43.023  INFO 13164 --- [main] o.s.mock.web.MockServletContext          : Initializing Spring TestDispatcherServlet ''
2021-12-08 14:31:43.024  INFO 13164 --- [main] o.s.t.web.servlet.TestDispatcherServlet  : Initializing Servlet ''
2021-12-08 14:31:43.024  INFO 13164 --- [main] o.s.t.web.servlet.TestDispatcherServlet  : Completed initialization in 0 ms
2021-12-08 14:31:43.200  INFO 13164 --- [main] c.c.p.service.UserDetailServiceImpl      : Password is encoded
2021-12-08 14:31:43.228  INFO 13164 --- [main] c.c.p.controller.UserController          : User is successfully created
2021-12-08 14:31:43.602  INFO 13164 --- [main] c.c.p.controller.UserController          : Jwt token is successfully generated
2021-12-08 14:31:43.648  INFO 13164 --- [main] o.s.mock.web.MockServletContext          : Initializing Spring TestDispatcherServlet ''
2021-12-08 14:31:43.648  INFO 13164 --- [main] o.s.t.web.servlet.TestDispatcherServlet  : Initializing Servlet ''
2021-12-08 14:31:43.649  INFO 13164 --- [main] o.s.t.web.servlet.TestDispatcherServlet  : Completed initialization in 1 ms
2021-12-08 14:31:43.825  INFO 13164 --- [main] c.c.p.service.UserDetailServiceImpl      : Password is encoded
2021-12-08 14:31:43.844  INFO 13164 --- [main] c.c.p.controller.UserController          : User is successfully created
2021-12-08 14:31:43.875  INFO 13164 --- [main] o.s.mock.web.MockServletContext          : Initializing Spring TestDispatcherServlet ''
2021-12-08 14:31:43.875  INFO 13164 --- [main] o.s.t.web.servlet.TestDispatcherServlet  : Initializing Servlet ''
2021-12-08 14:31:43.876  INFO 13164 --- [main] o.s.t.web.servlet.TestDispatcherServlet  : Completed initialization in 1 ms
2021-12-08 14:31:44.008  INFO 13164 --- [main] c.c.p.service.UserDetailServiceImpl      : Password is encoded
2021-12-08 14:31:44.025  INFO 13164 --- [main] c.c.p.controller.UserController          : User is successfully created
2021-12-08 14:31:44.030  WARN 13164 --- [main] RecordAlreadyExsists                     : Record already exists
2021-12-08 14:31:44.041  INFO 13164 --- [main] .b.t.c.SpringBootTestContextBootstrapper : Neither @ContextConfiguration nor @ContextHierarchy found for test class [com.cerner.patientcharting.PatientChartingApplicationTests], using SpringBootContextLoader
2021-12-08 14:31:44.043  INFO 13164 --- [main] o.s.t.c.support.AbstractContextLoader    : Could not detect default resource locations for test class [com.cerner.patientcharting.PatientChartingApplicationTests]: no resource found for suffixes {-context.xml, Context.groovy}.
2021-12-08 14:31:44.043  INFO 13164 --- [main] t.c.s.AnnotationConfigContextLoaderUtils : Could not detect default configuration classes for test class [com.cerner.patientcharting.PatientChartingApplicationTests]: PatientChartingApplicationTests does not declare any static, non-private, non-final, nested classes annotated with @Configuration.
2021-12-08 14:31:44.057  INFO 13164 --- [main] .b.t.c.SpringBootTestContextBootstrapper : Found @SpringBootConfiguration com.cerner.patientcharting.PatientChartingApplication for test class com.cerner.patientcharting.PatientChartingApplicationTests
2021-12-08 14:31:44.062  INFO 13164 --- [main] .b.t.c.SpringBootTestContextBootstrapper : Loaded default TestExecutionListener class names from location [META-INF/spring.factories]: [org.springframework.boot.test.mock.mockito.MockitoTestExecutionListener, org.springframework.boot.test.mock.mockito.ResetMocksTestExecutionListener, org.springframework.boot.test.autoconfigure.restdocs.RestDocsTestExecutionListener, org.springframework.boot.test.autoconfigure.web.client.MockRestServiceServerResetTestExecutionListener, org.springframework.boot.test.autoconfigure.web.servlet.MockMvcPrintOnlyOnFailureTestExecutionListener, org.springframework.boot.test.autoconfigure.web.servlet.WebDriverTestExecutionListener, org.springframework.boot.test.autoconfigure.webservices.client.MockWebServiceServerTestExecutionListener, org.springframework.test.context.web.ServletTestExecutionListener, org.springframework.test.context.support.DirtiesContextBeforeModesTestExecutionListener, org.springframework.test.context.event.ApplicationEventsTestExecutionListener, org.springframework.test.context.support.DependencyInjectionTestExecutionListener, org.springframework.test.context.support.DirtiesContextTestExecutionListener, org.springframework.test.context.transaction.TransactionalTestExecutionListener, org.springframework.test.context.jdbc.SqlScriptsTestExecutionListener, org.springframework.test.context.event.EventPublishingTestExecutionListener, org.springframework.security.test.context.support.WithSecurityContextTestExecutionListener, org.springframework.security.test.context.support.ReactorContextTestExecutionListener]
2021-12-08 14:31:44.066  INFO 13164 --- [main] .b.t.c.SpringBootTestContextBootstrapper : Using TestExecutionListeners: [org.springframework.test.context.web.ServletTestExecutionListener@5122387, org.springframework.test.context.support.DirtiesContextBeforeModesTestExecutionListener@9abbe39, org.springframework.test.context.event.ApplicationEventsTestExecutionListener@11b234aa, org.springframework.boot.test.mock.mockito.MockitoTestExecutionListener@1455a374, org.springframework.boot.test.autoconfigure.SpringBootDependencyInjectionTestExecutionListener@cfb462, org.springframework.test.context.support.DirtiesContextTestExecutionListener@54418834, org.springframework.test.context.transaction.TransactionalTestExecutionListener@54d6f172, org.springframework.test.context.jdbc.SqlScriptsTestExecutionListener@6d21a69f, org.springframework.test.context.event.EventPublishingTestExecutionListener@10b063fd, org.springframework.security.test.context.support.WithSecurityContextTestExecutionListener@48e859f7, org.springframework.security.test.context.support.ReactorContextTestExecutionListener@2bd67cf9, org.springframework.boot.test.mock.mockito.ResetMocksTestExecutionListener@4ba32242, org.springframework.boot.test.autoconfigure.restdocs.RestDocsTestExecutionListener@581f1f40, org.springframework.boot.test.autoconfigure.web.client.MockRestServiceServerResetTestExecutionListener@52b2c255, org.springframework.boot.test.autoconfigure.web.servlet.MockMvcPrintOnlyOnFailureTestExecutionListener@4a9b4d4e, org.springframework.boot.test.autoconfigure.web.servlet.WebDriverTestExecutionListener@18f8c76d, org.springframework.boot.test.autoconfigure.webservices.client.MockWebServiceServerTestExecutionListener@383d2e2d]
2021-12-08 14:31:44.142  INFO 13164 --- [main] c.c.p.PatientChartingApplication         : Starting PatientChartingApplication using Java 11.0.12 on 2P8GJW2 with PID 13164 (started by RJ093045 in C:\Users\RJ093045\Documents\workspace-sts-3.9.12.RELEASE\PatientCharting)
2021-12-08 14:31:44.142  INFO 13164 --- [main] c.c.p.PatientChartingApplication         : No active profile set, falling back to default profiles: default
2021-12-08 14:31:44.575  INFO 13164 --- [main] .s.d.r.c.RepositoryConfigurationDelegate : Bootstrapping Spring Data JPA repositories in DEFAULT mode.
2021-12-08 14:31:44.628  INFO 13164 --- [main] .s.d.r.c.RepositoryConfigurationDelegate : Finished Spring Data repository scanning in 52 ms. Found 3 JPA repository interfaces.
2021-12-08 14:31:44.973  INFO 13164 --- [main] o.s.b.w.embedded.tomcat.TomcatWebServer  : Tomcat initialized with port(s): 8182 (http)
2021-12-08 14:31:44.991  INFO 13164 --- [main] o.apache.catalina.core.StandardService   : Starting service [Tomcat]
2021-12-08 14:31:44.993  INFO 13164 --- [main] org.apache.catalina.core.StandardEngine  : Starting Servlet engine: [Apache Tomcat/9.0.54]
2021-12-08 14:31:45.279  INFO 13164 --- [main] o.a.c.c.C.[Tomcat].[localhost].[/]       : Initializing Spring embedded WebApplicationContext
2021-12-08 14:31:45.280  INFO 13164 --- [main] w.s.c.ServletWebServerApplicationContext : Root WebApplicationContext: initialization completed in 1132 ms
2021-12-08 14:31:45.384  INFO 13164 --- [main] o.hibernate.jpa.internal.util.LogHelper  : HHH000204: Processing PersistenceUnitInfo [name: default]
2021-12-08 14:31:45.399  INFO 13164 --- [main] com.zaxxer.hikari.HikariDataSource       : HikariPool-2 - Starting...
2021-12-08 14:31:45.483  INFO 13164 --- [main] com.zaxxer.hikari.HikariDataSource       : HikariPool-2 - Start completed.
2021-12-08 14:31:45.484  INFO 13164 --- [main] org.hibernate.dialect.Dialect            : HHH000400: Using dialect: org.hibernate.dialect.MySQL5InnoDBDialect
2021-12-08 14:31:45.626  INFO 13164 --- [main] o.h.e.t.j.p.i.JtaPlatformInitiator       : HHH000490: Using JtaPlatform implementation: [org.hibernate.engine.transaction.jta.platform.internal.NoJtaPlatform]
2021-12-08 14:31:45.626  INFO 13164 --- [main] j.LocalContainerEntityManagerFactoryBean : Initialized JPA EntityManagerFactory for persistence unit 'default'
2021-12-08 14:31:45.746  WARN 13164 --- [main] JpaBaseConfiguration$JpaWebConfiguration : spring.jpa.open-in-view is enabled by default. Therefore, database queries may be performed during view rendering. Explicitly configure spring.jpa.open-in-view to disable this warning
2021-12-08 14:31:46.109  INFO 13164 --- [main] o.s.s.web.DefaultSecurityFilterChain     : Will secure any request with [org.springframework.security.web.context.request.async.WebAsyncManagerIntegrationFilter@16d7f503, org.springframework.security.web.context.SecurityContextPersistenceFilter@6b6b4177, org.springframework.security.web.header.HeaderWriterFilter@8ae7e03, org.springframework.web.filter.CorsFilter@6dabad5c, org.springframework.security.web.authentication.logout.LogoutFilter@4a0161ee, com.cerner.patientcharting.util.JwtFilter@66b9f727, org.springframework.security.web.savedrequest.RequestCacheAwareFilter@bf32f3f, org.springframework.security.web.servletapi.SecurityContextHolderAwareRequestFilter@70d61624, org.springframework.security.web.authentication.AnonymousAuthenticationFilter@1bfa398e, org.springframework.security.web.session.SessionManagementFilter@551bc2c6, org.springframework.security.web.access.ExceptionTranslationFilter@4ba56bbe, org.springframework.security.web.access.intercept.FilterSecurityInterceptor@21b508a0]
2021-12-08 14:31:46.261  INFO 13164 --- [main] o.s.b.w.embedded.tomcat.TomcatWebServer  : Tomcat started on port(s): 8182 (http) with context path ''
2021-12-08 14:31:46.269  INFO 13164 --- [main] c.c.p.PatientChartingApplication         : Started PatientChartingApplication in 2.191 seconds (JVM running for 17.773)
2021-12-08 14:31:46.281  INFO 13164 --- [main] .b.t.c.SpringBootTestContextBootstrapper : Neither @ContextConfiguration nor @ContextHierarchy found for test class [com.cerner.patientcharting.service.PatientDetailServiceTest], using SpringBootContextLoader
2021-12-08 14:31:46.283  INFO 13164 --- [main] o.s.t.c.support.AbstractContextLoader    : Could not detect default resource locations for test class [com.cerner.patientcharting.service.PatientDetailServiceTest]: no resource found for suffixes {-context.xml, Context.groovy}.
2021-12-08 14:31:46.283  INFO 13164 --- [main] t.c.s.AnnotationConfigContextLoaderUtils : Could not detect default configuration classes for test class [com.cerner.patientcharting.service.PatientDetailServiceTest]: PatientDetailServiceTest does not declare any static, non-private, non-final, nested classes annotated with @Configuration.
2021-12-08 14:31:46.305  INFO 13164 --- [main] .b.t.c.SpringBootTestContextBootstrapper : Found @SpringBootConfiguration com.cerner.patientcharting.PatientChartingApplication for test class com.cerner.patientcharting.service.PatientDetailServiceTest
2021-12-08 14:31:46.309  INFO 13164 --- [main] .b.t.c.SpringBootTestContextBootstrapper : Loaded default TestExecutionListener class names from location [META-INF/spring.factories]: [org.springframework.boot.test.mock.mockito.MockitoTestExecutionListener, org.springframework.boot.test.mock.mockito.ResetMocksTestExecutionListener, org.springframework.boot.test.autoconfigure.restdocs.RestDocsTestExecutionListener, org.springframework.boot.test.autoconfigure.web.client.MockRestServiceServerResetTestExecutionListener, org.springframework.boot.test.autoconfigure.web.servlet.MockMvcPrintOnlyOnFailureTestExecutionListener, org.springframework.boot.test.autoconfigure.web.servlet.WebDriverTestExecutionListener, org.springframework.boot.test.autoconfigure.webservices.client.MockWebServiceServerTestExecutionListener, org.springframework.test.context.web.ServletTestExecutionListener, org.springframework.test.context.support.DirtiesContextBeforeModesTestExecutionListener, org.springframework.test.context.event.ApplicationEventsTestExecutionListener, org.springframework.test.context.support.DependencyInjectionTestExecutionListener, org.springframework.test.context.support.DirtiesContextTestExecutionListener, org.springframework.test.context.transaction.TransactionalTestExecutionListener, org.springframework.test.context.jdbc.SqlScriptsTestExecutionListener, org.springframework.test.context.event.EventPublishingTestExecutionListener, org.springframework.security.test.context.support.WithSecurityContextTestExecutionListener, org.springframework.security.test.context.support.ReactorContextTestExecutionListener]
2021-12-08 14:31:46.311  INFO 13164 --- [main] .b.t.c.SpringBootTestContextBootstrapper : Using TestExecutionListeners: [org.springframework.test.context.web.ServletTestExecutionListener@6d4f1a44, org.springframework.test.context.support.DirtiesContextBeforeModesTestExecutionListener@6a9861de, org.springframework.test.context.event.ApplicationEventsTestExecutionListener@6deb2b19, org.springframework.boot.test.mock.mockito.MockitoTestExecutionListener@6d86d1ad, org.springframework.boot.test.autoconfigure.SpringBootDependencyInjectionTestExecutionListener@780e6b63, org.springframework.test.context.support.DirtiesContextTestExecutionListener@51b1732d, org.springframework.test.context.transaction.TransactionalTestExecutionListener@65b639e1, org.springframework.test.context.jdbc.SqlScriptsTestExecutionListener@3e668743, org.springframework.test.context.event.EventPublishingTestExecutionListener@35b8b69f, org.springframework.security.test.context.support.WithSecurityContextTestExecutionListener@6fca831e, org.springframework.security.test.context.support.ReactorContextTestExecutionListener@3b67c637, org.springframework.boot.test.mock.mockito.ResetMocksTestExecutionListener@31b11287, org.springframework.boot.test.autoconfigure.restdocs.RestDocsTestExecutionListener@414d5660, org.springframework.boot.test.autoconfigure.web.client.MockRestServiceServerResetTestExecutionListener@7aa4ef24, org.springframework.boot.test.autoconfigure.web.servlet.MockMvcPrintOnlyOnFailureTestExecutionListener@7f77d839, org.springframework.boot.test.autoconfigure.web.servlet.WebDriverTestExecutionListener@46ebd87a, org.springframework.boot.test.autoconfigure.webservices.client.MockWebServiceServerTestExecutionListener@6dbe6891]
2021-12-08 14:31:46.550  WARN 13164 --- [main] RecordAlreadyExsists                     : Record already exists
2021-12-08 14:31:46.587  WARN 13164 --- [main] IdValueNull                              : Id value is null
2021-12-08 14:31:46.595  INFO 13164 --- [main] c.c.p.service.PatientDetailServiceImpl   : MrnNo is unique
2021-12-08 14:31:46.603  INFO 13164 --- [main] .b.t.c.SpringBootTestContextBootstrapper : Neither @ContextConfiguration nor @ContextHierarchy found for test class [com.cerner.patientcharting.service.UserDetailServiceTest], using SpringBootContextLoader
2021-12-08 14:31:46.605  INFO 13164 --- [main] o.s.t.c.support.AbstractContextLoader    : Could not detect default resource locations for test class [com.cerner.patientcharting.service.UserDetailServiceTest]: no resource found for suffixes {-context.xml, Context.groovy}.
2021-12-08 14:31:46.605  INFO 13164 --- [main] t.c.s.AnnotationConfigContextLoaderUtils : Could not detect default configuration classes for test class [com.cerner.patientcharting.service.UserDetailServiceTest]: UserDetailServiceTest does not declare any static, non-private, non-final, nested classes annotated with @Configuration.
2021-12-08 14:31:46.610  INFO 13164 --- [main] .b.t.c.SpringBootTestContextBootstrapper : Found @SpringBootConfiguration com.cerner.patientcharting.PatientChartingApplication for test class com.cerner.patientcharting.service.UserDetailServiceTest
2021-12-08 14:31:46.613  INFO 13164 --- [main] .b.t.c.SpringBootTestContextBootstrapper : Loaded default TestExecutionListener class names from location [META-INF/spring.factories]: [org.springframework.boot.test.mock.mockito.MockitoTestExecutionListener, org.springframework.boot.test.mock.mockito.ResetMocksTestExecutionListener, org.springframework.boot.test.autoconfigure.restdocs.RestDocsTestExecutionListener, org.springframework.boot.test.autoconfigure.web.client.MockRestServiceServerResetTestExecutionListener, org.springframework.boot.test.autoconfigure.web.servlet.MockMvcPrintOnlyOnFailureTestExecutionListener, org.springframework.boot.test.autoconfigure.web.servlet.WebDriverTestExecutionListener, org.springframework.boot.test.autoconfigure.webservices.client.MockWebServiceServerTestExecutionListener, org.springframework.test.context.web.ServletTestExecutionListener, org.springframework.test.context.support.DirtiesContextBeforeModesTestExecutionListener, org.springframework.test.context.event.ApplicationEventsTestExecutionListener, org.springframework.test.context.support.DependencyInjectionTestExecutionListener, org.springframework.test.context.support.DirtiesContextTestExecutionListener, org.springframework.test.context.transaction.TransactionalTestExecutionListener, org.springframework.test.context.jdbc.SqlScriptsTestExecutionListener, org.springframework.test.context.event.EventPublishingTestExecutionListener, org.springframework.security.test.context.support.WithSecurityContextTestExecutionListener, org.springframework.security.test.context.support.ReactorContextTestExecutionListener]
2021-12-08 14:31:46.615  INFO 13164 --- [main] .b.t.c.SpringBootTestContextBootstrapper : Using TestExecutionListeners: [org.springframework.test.context.web.ServletTestExecutionListener@184218af, org.springframework.test.context.support.DirtiesContextBeforeModesTestExecutionListener@e7423bb, org.springframework.test.context.event.ApplicationEventsTestExecutionListener@270663e2, org.springframework.boot.test.mock.mockito.MockitoTestExecutionListener@3987bfc8, org.springframework.boot.test.autoconfigure.SpringBootDependencyInjectionTestExecutionListener@31084f37, org.springframework.test.context.support.DirtiesContextTestExecutionListener@1ececb56, org.springframework.test.context.transaction.TransactionalTestExecutionListener@a43a21e, org.springframework.test.context.jdbc.SqlScriptsTestExecutionListener@ebe3561, org.springframework.test.context.event.EventPublishingTestExecutionListener@7d3cb276, org.springframework.security.test.context.support.WithSecurityContextTestExecutionListener@15c042fc, org.springframework.security.test.context.support.ReactorContextTestExecutionListener@2045108, org.springframework.boot.test.mock.mockito.ResetMocksTestExecutionListener@7dee7914, org.springframework.boot.test.autoconfigure.restdocs.RestDocsTestExecutionListener@6559cbdd, org.springframework.boot.test.autoconfigure.web.client.MockRestServiceServerResetTestExecutionListener@7219a228, org.springframework.boot.test.autoconfigure.web.servlet.MockMvcPrintOnlyOnFailureTestExecutionListener@52b53172, org.springframework.boot.test.autoconfigure.web.servlet.WebDriverTestExecutionListener@5c1dc4e9, org.springframework.boot.test.autoconfigure.webservices.client.MockWebServiceServerTestExecutionListener@7731fb94]
2021-12-08 14:31:46.745  WARN 13164 --- [main] RecordAlreadyExsists                     : Record already exists
2021-12-08 14:31:46.765  INFO 13164 --- [main] c.c.p.service.UserDetailServiceImpl      : Password is encoded
2021-12-08 14:31:46.775  INFO 13164 --- [main] .b.t.c.SpringBootTestContextBootstrapper : Neither @ContextConfiguration nor @ContextHierarchy found for test class [com.cerner.patientcharting.util.JwtFilterTest], using SpringBootContextLoader
2021-12-08 14:31:46.776  INFO 13164 --- [main] o.s.t.c.support.AbstractContextLoader    : Could not detect default resource locations for test class [com.cerner.patientcharting.util.JwtFilterTest]: no resource found for suffixes {-context.xml, Context.groovy}.
2021-12-08 14:31:46.776  INFO 13164 --- [main] t.c.s.AnnotationConfigContextLoaderUtils : Could not detect default configuration classes for test class [com.cerner.patientcharting.util.JwtFilterTest]: JwtFilterTest does not declare any static, non-private, non-final, nested classes annotated with @Configuration.
2021-12-08 14:31:46.794  INFO 13164 --- [main] .b.t.c.SpringBootTestContextBootstrapper : Found @SpringBootConfiguration com.cerner.patientcharting.PatientChartingApplication for test class com.cerner.patientcharting.util.JwtFilterTest
2021-12-08 14:31:46.796  INFO 13164 --- [main] .b.t.c.SpringBootTestContextBootstrapper : Loaded default TestExecutionListener class names from location [META-INF/spring.factories]: [org.springframework.boot.test.mock.mockito.MockitoTestExecutionListener, org.springframework.boot.test.mock.mockito.ResetMocksTestExecutionListener, org.springframework.boot.test.autoconfigure.restdocs.RestDocsTestExecutionListener, org.springframework.boot.test.autoconfigure.web.client.MockRestServiceServerResetTestExecutionListener, org.springframework.boot.test.autoconfigure.web.servlet.MockMvcPrintOnlyOnFailureTestExecutionListener, org.springframework.boot.test.autoconfigure.web.servlet.WebDriverTestExecutionListener, org.springframework.boot.test.autoconfigure.webservices.client.MockWebServiceServerTestExecutionListener, org.springframework.test.context.web.ServletTestExecutionListener, org.springframework.test.context.support.DirtiesContextBeforeModesTestExecutionListener, org.springframework.test.context.event.ApplicationEventsTestExecutionListener, org.springframework.test.context.support.DependencyInjectionTestExecutionListener, org.springframework.test.context.support.DirtiesContextTestExecutionListener, org.springframework.test.context.transaction.TransactionalTestExecutionListener, org.springframework.test.context.jdbc.SqlScriptsTestExecutionListener, org.springframework.test.context.event.EventPublishingTestExecutionListener, org.springframework.security.test.context.support.WithSecurityContextTestExecutionListener, org.springframework.security.test.context.support.ReactorContextTestExecutionListener]
2021-12-08 14:31:46.798  INFO 13164 --- [main] .b.t.c.SpringBootTestContextBootstrapper : Using TestExecutionListeners: [org.springframework.test.context.web.ServletTestExecutionListener@1b52f723, org.springframework.test.context.support.DirtiesContextBeforeModesTestExecutionListener@39384ba6, org.springframework.test.context.event.ApplicationEventsTestExecutionListener@e7529ac, org.springframework.boot.test.mock.mockito.MockitoTestExecutionListener@6770a229, org.springframework.boot.test.autoconfigure.SpringBootDependencyInjectionTestExecutionListener@6b17aa0b, org.springframework.test.context.support.DirtiesContextTestExecutionListener@1009a9b4, org.springframework.test.context.transaction.TransactionalTestExecutionListener@3796ca50, org.springframework.test.context.jdbc.SqlScriptsTestExecutionListener@55154761, org.springframework.test.context.event.EventPublishingTestExecutionListener@304e83a, org.springframework.security.test.context.support.WithSecurityContextTestExecutionListener@5e9db5e7, org.springframework.security.test.context.support.ReactorContextTestExecutionListener@5fd8302e, org.springframework.boot.test.mock.mockito.ResetMocksTestExecutionListener@20894afb, org.springframework.boot.test.autoconfigure.restdocs.RestDocsTestExecutionListener@46823e8, org.springframework.boot.test.autoconfigure.web.client.MockRestServiceServerResetTestExecutionListener@37e99c0f, org.springframework.boot.test.autoconfigure.web.servlet.MockMvcPrintOnlyOnFailureTestExecutionListener@29ae939c, org.springframework.boot.test.autoconfigure.web.servlet.WebDriverTestExecutionListener@439acac0, org.springframework.boot.test.autoconfigure.webservices.client.MockWebServiceServerTestExecutionListener@6a8d638]
2021-12-08 14:31:46.844  INFO 13164 --- [main] c.c.patientcharting.util.JwtFilterTest   : Starting JwtFilterTest using Java 11.0.12 on 2P8GJW2 with PID 13164 (started by RJ093045 in C:\Users\RJ093045\Documents\workspace-sts-3.9.12.RELEASE\PatientCharting)
2021-12-08 14:31:46.846  INFO 13164 --- [main] c.c.patientcharting.util.JwtFilterTest   : No active profile set, falling back to default profiles: default
2021-12-08 14:31:47.204  INFO 13164 --- [main] .s.d.r.c.RepositoryConfigurationDelegate : Bootstrapping Spring Data JPA repositories in DEFAULT mode.
2021-12-08 14:31:47.260  INFO 13164 --- [main] .s.d.r.c.RepositoryConfigurationDelegate : Finished Spring Data repository scanning in 55 ms. Found 3 JPA repository interfaces.
2021-12-08 14:31:47.729  INFO 13164 --- [main] o.hibernate.jpa.internal.util.LogHelper  : HHH000204: Processing PersistenceUnitInfo [name: default]
2021-12-08 14:31:47.740  INFO 13164 --- [main] com.zaxxer.hikari.HikariDataSource       : HikariPool-3 - Starting...
2021-12-08 14:31:47.815  INFO 13164 --- [main] com.zaxxer.hikari.HikariDataSource       : HikariPool-3 - Start completed.
2021-12-08 14:31:47.815  INFO 13164 --- [main] org.hibernate.dialect.Dialect            : HHH000400: Using dialect: org.hibernate.dialect.MySQL5InnoDBDialect
2021-12-08 14:31:47.932  INFO 13164 --- [main] o.h.e.t.j.p.i.JtaPlatformInitiator       : HHH000490: Using JtaPlatform implementation: [org.hibernate.engine.transaction.jta.platform.internal.NoJtaPlatform]
2021-12-08 14:31:47.934  INFO 13164 --- [main] j.LocalContainerEntityManagerFactoryBean : Initialized JPA EntityManagerFactory for persistence unit 'default'
2021-12-08 14:31:48.023  WARN 13164 --- [main] JpaBaseConfiguration$JpaWebConfiguration : spring.jpa.open-in-view is enabled by default. Therefore, database queries may be performed during view rendering. Explicitly configure spring.jpa.open-in-view to disable this warning
2021-12-08 14:31:48.630  INFO 13164 --- [main] o.s.s.web.DefaultSecurityFilterChain     : Will secure any request with [org.springframework.security.web.context.request.async.WebAsyncManagerIntegrationFilter@591e27f1, org.springframework.security.web.context.SecurityContextPersistenceFilter@18e7b33e, org.springframework.security.web.header.HeaderWriterFilter@7bcd497, org.springframework.web.filter.CorsFilter@6803b02d, org.springframework.security.web.authentication.logout.LogoutFilter@4115b8a7, com.cerner.patientcharting.util.JwtFilter@6eb506d0, org.springframework.security.web.savedrequest.RequestCacheAwareFilter@3b386ba7, org.springframework.security.web.servletapi.SecurityContextHolderAwareRequestFilter@5a41183b, org.springframework.security.web.authentication.AnonymousAuthenticationFilter@5862a07b, org.springframework.security.web.session.SessionManagementFilter@71a9e31b, org.springframework.security.web.access.ExceptionTranslationFilter@2a4137a2, org.springframework.security.web.access.intercept.FilterSecurityInterceptor@54a81a18]
2021-12-08 14:31:49.250  INFO 13164 --- [main] c.c.patientcharting.util.JwtFilterTest   : Started JwtFilterTest in 2.448 seconds (JVM running for 20.754)
2021-12-08 14:31:49.334  INFO 13164 --- [main] .b.t.c.SpringBootTestContextBootstrapper : Neither @ContextConfiguration nor @ContextHierarchy found for test class [com.cerner.patientcharting.util.JwtUtilsTest], using SpringBootContextLoader
2021-12-08 14:31:49.336  INFO 13164 --- [main] o.s.t.c.support.AbstractContextLoader    : Could not detect default resource locations for test class [com.cerner.patientcharting.util.JwtUtilsTest]: no resource found for suffixes {-context.xml, Context.groovy}.
2021-12-08 14:31:49.336  INFO 13164 --- [main] t.c.s.AnnotationConfigContextLoaderUtils : Could not detect default configuration classes for test class [com.cerner.patientcharting.util.JwtUtilsTest]: JwtUtilsTest does not declare any static, non-private, non-final, nested classes annotated with @Configuration.
2021-12-08 14:31:49.337  INFO 13164 --- [main] .b.t.c.SpringBootTestContextBootstrapper : Found @SpringBootConfiguration com.cerner.patientcharting.PatientChartingApplication for test class com.cerner.patientcharting.util.JwtUtilsTest
2021-12-08 14:31:49.341  INFO 13164 --- [main] .b.t.c.SpringBootTestContextBootstrapper : Loaded default TestExecutionListener class names from location [META-INF/spring.factories]: [org.springframework.boot.test.mock.mockito.MockitoTestExecutionListener, org.springframework.boot.test.mock.mockito.ResetMocksTestExecutionListener, org.springframework.boot.test.autoconfigure.restdocs.RestDocsTestExecutionListener, org.springframework.boot.test.autoconfigure.web.client.MockRestServiceServerResetTestExecutionListener, org.springframework.boot.test.autoconfigure.web.servlet.MockMvcPrintOnlyOnFailureTestExecutionListener, org.springframework.boot.test.autoconfigure.web.servlet.WebDriverTestExecutionListener, org.springframework.boot.test.autoconfigure.webservices.client.MockWebServiceServerTestExecutionListener, org.springframework.test.context.web.ServletTestExecutionListener, org.springframework.test.context.support.DirtiesContextBeforeModesTestExecutionListener, org.springframework.test.context.event.ApplicationEventsTestExecutionListener, org.springframework.test.context.support.DependencyInjectionTestExecutionListener, org.springframework.test.context.support.DirtiesContextTestExecutionListener, org.springframework.test.context.transaction.TransactionalTestExecutionListener, org.springframework.test.context.jdbc.SqlScriptsTestExecutionListener, org.springframework.test.context.event.EventPublishingTestExecutionListener, org.springframework.security.test.context.support.WithSecurityContextTestExecutionListener, org.springframework.security.test.context.support.ReactorContextTestExecutionListener]
2021-12-08 14:31:49.342  INFO 13164 --- [main] .b.t.c.SpringBootTestContextBootstrapper : Using TestExecutionListeners: [org.springframework.test.context.web.ServletTestExecutionListener@5e4a9c16, org.springframework.test.context.support.DirtiesContextBeforeModesTestExecutionListener@544ee437, org.springframework.test.context.event.ApplicationEventsTestExecutionListener@ffd26d1, org.springframework.boot.test.mock.mockito.MockitoTestExecutionListener@7dfc0fda, org.springframework.boot.test.autoconfigure.SpringBootDependencyInjectionTestExecutionListener@775c865f, org.springframework.test.context.support.DirtiesContextTestExecutionListener@5410bbdf, org.springframework.test.context.transaction.TransactionalTestExecutionListener@323dd422, org.springframework.test.context.jdbc.SqlScriptsTestExecutionListener@2f229f60, org.springframework.test.context.event.EventPublishingTestExecutionListener@3cdf8aa5, org.springframework.security.test.context.support.WithSecurityContextTestExecutionListener@6dc010a2, org.springframework.security.test.context.support.ReactorContextTestExecutionListener@310045fc, org.springframework.boot.test.mock.mockito.ResetMocksTestExecutionListener@ae20523, org.springframework.boot.test.autoconfigure.restdocs.RestDocsTestExecutionListener@4a282c78, org.springframework.boot.test.autoconfigure.web.client.MockRestServiceServerResetTestExecutionListener@2700609f, org.springframework.boot.test.autoconfigure.web.servlet.MockMvcPrintOnlyOnFailureTestExecutionListener@141cee26, org.springframework.boot.test.autoconfigure.web.servlet.WebDriverTestExecutionListener@ecd3a9b, org.springframework.boot.test.autoconfigure.webservices.client.MockWebServiceServerTestExecutionListener@58d9cd6]
2021-12-08 14:31:49.379  INFO 13164 --- [main] c.c.patientcharting.util.JwtUtilsTest    : Starting JwtUtilsTest using Java 11.0.12 on 2P8GJW2 with PID 13164 (started by RJ093045 in C:\Users\RJ093045\Documents\workspace-sts-3.9.12.RELEASE\PatientCharting)
2021-12-08 14:31:49.380  INFO 13164 --- [main] c.c.patientcharting.util.JwtUtilsTest    : No active profile set, falling back to default profiles: default
2021-12-08 14:31:49.697  INFO 13164 --- [main] .s.d.r.c.RepositoryConfigurationDelegate : Bootstrapping Spring Data JPA repositories in DEFAULT mode.
2021-12-08 14:31:49.733  INFO 13164 --- [main] .s.d.r.c.RepositoryConfigurationDelegate : Finished Spring Data repository scanning in 34 ms. Found 3 JPA repository interfaces.
2021-12-08 14:31:49.978  INFO 13164 --- [main] o.hibernate.jpa.internal.util.LogHelper  : HHH000204: Processing PersistenceUnitInfo [name: default]
2021-12-08 14:31:49.991  INFO 13164 --- [main] com.zaxxer.hikari.HikariDataSource       : HikariPool-4 - Starting...
2021-12-08 14:31:50.028  INFO 13164 --- [main] com.zaxxer.hikari.HikariDataSource       : HikariPool-4 - Start completed.
2021-12-08 14:31:50.030  INFO 13164 --- [main] org.hibernate.dialect.Dialect            : HHH000400: Using dialect: org.hibernate.dialect.MySQL5InnoDBDialect
2021-12-08 14:31:50.128  INFO 13164 --- [main] o.h.e.t.j.p.i.JtaPlatformInitiator       : HHH000490: Using JtaPlatform implementation: [org.hibernate.engine.transaction.jta.platform.internal.NoJtaPlatform]
2021-12-08 14:31:50.129  INFO 13164 --- [main] j.LocalContainerEntityManagerFactoryBean : Initialized JPA EntityManagerFactory for persistence unit 'default'
2021-12-08 14:31:50.241  WARN 13164 --- [main] JpaBaseConfiguration$JpaWebConfiguration : spring.jpa.open-in-view is enabled by default. Therefore, database queries may be performed during view rendering. Explicitly configure spring.jpa.open-in-view to disable this warning
2021-12-08 14:31:50.850  INFO 13164 --- [main] o.s.s.web.DefaultSecurityFilterChain     : Will secure any request with [org.springframework.security.web.context.request.async.WebAsyncManagerIntegrationFilter@6c3600b7, org.springframework.security.web.context.SecurityContextPersistenceFilter@735d1db7, org.springframework.security.web.header.HeaderWriterFilter@302ab67e, org.springframework.web.filter.CorsFilter@3e17219, org.springframework.security.web.authentication.logout.LogoutFilter@3af8f1ef, com.cerner.patientcharting.util.JwtFilter@735ed1d2, org.springframework.security.web.savedrequest.RequestCacheAwareFilter@4040559d, org.springframework.security.web.servletapi.SecurityContextHolderAwareRequestFilter@253c82ad, org.springframework.security.web.authentication.AnonymousAuthenticationFilter@3c995eae, org.springframework.security.web.session.SessionManagementFilter@28058dd0, org.springframework.security.web.access.ExceptionTranslationFilter@6a2b30b9, org.springframework.security.web.access.intercept.FilterSecurityInterceptor@60f10f6a]
2021-12-08 14:31:51.264  INFO 13164 --- [main] c.c.patientcharting.util.JwtUtilsTest    : Started JwtUtilsTest in 1.919 seconds (JVM running for 22.768)
2021-12-08 14:31:51.276 ERROR 13164 --- [main] c.cerner.patientcharting.util.JwtUtils   : JWT token is expired: JWT expired at 2021-11-13T10:09:51Z. Current time: 2021-12-08T14:31:51Z, a difference of 2175720275 milliseconds.  Allowed clock skew: 0 milliseconds.
2021-12-08 14:31:51.287 ERROR 13164 --- [main] c.cerner.patientcharting.util.JwtUtils   : Invalid JWT signature: JWT signature does not match locally computed signature. JWT validity cannot be asserted and should not be trusted.
2021-12-08 14:31:51.307 ERROR 13164 --- [main] c.cerner.patientcharting.util.JwtUtils   : JWT token is unsupported: Unsigned Claims JWTs are not supported.
2021-12-08 14:31:51.327 ERROR 13164 --- [main] c.cerner.patientcharting.util.JwtUtils   : JWT claims string is empty: JWT String argument cannot be null or empty.
2021-12-08 14:31:51.346 ERROR 13164 --- [main] c.cerner.patientcharting.util.JwtUtils   : Invalid JWT token: JWT string 'eyJhbGciOiJIUzI1NiJ9..rupDgnpI-15n3dBXK7N4zG_F-qLj1hAMZWUu_GakWr4' is missing a body/payload.
2021-12-08 14:31:51.376  INFO 13164 --- [SpringApplicationShutdownHook] j.LocalContainerEntityManagerFactoryBean : Closing JPA EntityManagerFactory for persistence unit 'default'
2021-12-08 14:31:51.382  INFO 13164 --- [SpringApplicationShutdownHook] com.zaxxer.hikari.HikariDataSource       : HikariPool-1 - Shutdown initiated...
2021-12-08 14:31:51.402  INFO 13164 --- [SpringApplicationShutdownHook] com.zaxxer.hikari.HikariDataSource       : HikariPool-1 - Shutdown completed.
2021-12-08 14:31:51.948  INFO 13164 --- [SpringApplicationShutdownHook] j.LocalContainerEntityManagerFactoryBean : Closing JPA EntityManagerFactory for persistence unit 'default'
2021-12-08 14:31:51.951  INFO 13164 --- [SpringApplicationShutdownHook] com.zaxxer.hikari.HikariDataSource       : HikariPool-2 - Shutdown initiated...
2021-12-08 14:31:51.979  INFO 13164 --- [SpringApplicationShutdownHook] com.zaxxer.hikari.HikariDataSource       : HikariPool-2 - Shutdown completed.
2021-12-08 14:31:51.982  INFO 13164 --- [SpringApplicationShutdownHook] j.LocalContainerEntityManagerFactoryBean : Closing JPA EntityManagerFactory for persistence unit 'default'
2021-12-08 14:31:51.984  INFO 13164 --- [SpringApplicationShutdownHook] com.zaxxer.hikari.HikariDataSource       : HikariPool-3 - Shutdown initiated...
2021-12-08 14:31:51.989  INFO 13164 --- [SpringApplicationShutdownHook] com.zaxxer.hikari.HikariDataSource       : HikariPool-3 - Shutdown completed.
2021-12-08 14:31:51.992  INFO 13164 --- [SpringApplicationShutdownHook] j.LocalContainerEntityManagerFactoryBean : Closing JPA EntityManagerFactory for persistence unit 'default'
2021-12-08 14:31:51.994  INFO 13164 --- [SpringApplicationShutdownHook] com.zaxxer.hikari.HikariDataSource       : HikariPool-4 - Shutdown initiated...
2021-12-08 14:31:51.998  INFO 13164 --- [SpringApplicationShutdownHook] com.zaxxer.hikari.HikariDataSource       : HikariPool-4 - Shutdown completed.
2021-12-08 14:32:28.061  INFO 12632 --- [main] c.c.p.PatientChartingApplication         : Starting PatientChartingApplication using Java 11.0.12 on 2P8GJW2 with PID 12632 (C:\Users\RJ093045\Documents\workspace-sts-3.9.12.RELEASE\PatientCharting\target\classes started by RJ093045 in C:\Users\RJ093045\Documents\workspace-sts-3.9.12.RELEASE\PatientCharting)
2021-12-08 14:32:28.066  INFO 12632 --- [main] c.c.p.PatientChartingApplication         : No active profile set, falling back to default profiles: default
2021-12-08 14:32:29.033  INFO 12632 --- [main] .s.d.r.c.RepositoryConfigurationDelegate : Bootstrapping Spring Data JPA repositories in DEFAULT mode.
2021-12-08 14:32:29.165  INFO 12632 --- [main] .s.d.r.c.RepositoryConfigurationDelegate : Finished Spring Data repository scanning in 120 ms. Found 3 JPA repository interfaces.
2021-12-08 14:32:29.771  INFO 12632 --- [main] o.s.b.w.embedded.tomcat.TomcatWebServer  : Tomcat initialized with port(s): 8182 (http)
2021-12-08 14:32:29.782  INFO 12632 --- [main] o.apache.catalina.core.StandardService   : Starting service [Tomcat]
2021-12-08 14:32:29.783  INFO 12632 --- [main] org.apache.catalina.core.StandardEngine  : Starting Servlet engine: [Apache Tomcat/9.0.54]
2021-12-08 14:32:29.951  INFO 12632 --- [main] o.a.c.c.C.[Tomcat].[localhost].[/]       : Initializing Spring embedded WebApplicationContext
2021-12-08 14:32:29.951  INFO 12632 --- [main] w.s.c.ServletWebServerApplicationContext : Root WebApplicationContext: initialization completed in 1809 ms
2021-12-08 14:32:30.181  INFO 12632 --- [main] o.hibernate.jpa.internal.util.LogHelper  : HHH000204: Processing PersistenceUnitInfo [name: default]
2021-12-08 14:32:30.239  INFO 12632 --- [main] org.hibernate.Version                    : HHH000412: Hibernate ORM core version 5.4.32.Final
2021-12-08 14:32:30.378  INFO 12632 --- [main] o.hibernate.annotations.common.Version   : HCANN000001: Hibernate Commons Annotations {5.1.2.Final}
2021-12-08 14:32:30.497  INFO 12632 --- [main] com.zaxxer.hikari.HikariDataSource       : HikariPool-1 - Starting...
2021-12-08 14:32:30.899  INFO 12632 --- [main] com.zaxxer.hikari.HikariDataSource       : HikariPool-1 - Start completed.
2021-12-08 14:32:30.914  INFO 12632 --- [main] org.hibernate.dialect.Dialect            : HHH000400: Using dialect: org.hibernate.dialect.MySQL5InnoDBDialect
2021-12-08 14:32:31.842  INFO 12632 --- [main] o.h.e.t.j.p.i.JtaPlatformInitiator       : HHH000490: Using JtaPlatform implementation: [org.hibernate.engine.transaction.jta.platform.internal.NoJtaPlatform]
2021-12-08 14:32:31.858  INFO 12632 --- [main] j.LocalContainerEntityManagerFactoryBean : Initialized JPA EntityManagerFactory for persistence unit 'default'
2021-12-08 14:32:32.326  WARN 12632 --- [main] JpaBaseConfiguration$JpaWebConfiguration : spring.jpa.open-in-view is enabled by default. Therefore, database queries may be performed during view rendering. Explicitly configure spring.jpa.open-in-view to disable this warning
2021-12-08 14:32:32.870  INFO 12632 --- [main] o.s.s.web.DefaultSecurityFilterChain     : Will secure any request with [org.springframework.security.web.context.request.async.WebAsyncManagerIntegrationFilter@85f5f55, org.springframework.security.web.context.SecurityContextPersistenceFilter@af94b0b, org.springframework.security.web.header.HeaderWriterFilter@1504b493, org.springframework.web.filter.CorsFilter@131c5bd, org.springframework.security.web.authentication.logout.LogoutFilter@333efb51, com.cerner.patientcharting.util.JwtFilter@e4bb10b, org.springframework.security.web.savedrequest.RequestCacheAwareFilter@1831447c, org.springframework.security.web.servletapi.SecurityContextHolderAwareRequestFilter@4504a4ed, org.springframework.security.web.authentication.AnonymousAuthenticationFilter@394331a8, org.springframework.security.web.session.SessionManagementFilter@627d5f1, org.springframework.security.web.access.ExceptionTranslationFilter@5e02fb23, org.springframework.security.web.access.intercept.FilterSecurityInterceptor@336e17be]
2021-12-08 14:32:33.169  INFO 12632 --- [main] o.s.b.w.embedded.tomcat.TomcatWebServer  : Tomcat started on port(s): 8182 (http) with context path ''
2021-12-08 14:32:33.188  INFO 12632 --- [main] c.c.p.PatientChartingApplication         : Started PatientChartingApplication in 5.649 seconds (JVM running for 7.412)
2021-12-08 14:48:36.672  INFO 12632 --- [http-nio-8182-exec-1] o.a.c.c.C.[Tomcat].[localhost].[/]       : Initializing Spring DispatcherServlet 'dispatcherServlet'
2021-12-08 14:48:36.673  INFO 12632 --- [http-nio-8182-exec-1] o.s.web.servlet.DispatcherServlet        : Initializing Servlet 'dispatcherServlet'
2021-12-08 14:48:36.675  INFO 12632 --- [http-nio-8182-exec-1] o.s.web.servlet.DispatcherServlet        : Completed initialization in 2 ms
2021-12-08 14:48:54.617  INFO 12632 --- [http-nio-8182-exec-3] c.c.p.controller.UserController          : Jwt token is successfully generated
2021-12-08 14:49:10.801  INFO 12632 --- [http-nio-8182-exec-4] c.c.p.controller.UserController          : Jwt token is successfully generated
2021-12-08 14:49:15.617  INFO 12632 --- [http-nio-8182-exec-6] c.c.p.c.PatientDetailsController         : List of all patient details obtained
2021-12-08 14:49:21.809  INFO 12632 --- [http-nio-8182-exec-8] c.c.p.c.PatientDetailsController         : Patient found with given name
2021-12-08 14:49:25.599  INFO 12632 --- [http-nio-8182-exec-9] c.c.p.c.PatientDetailsController         : List of all patient details obtained
2021-12-08 14:49:29.938  INFO 12632 --- [http-nio-8182-exec-1] c.c.p.c.PatientDetailsController         : Patient found with given name
2021-12-08 14:49:36.415  INFO 12632 --- [http-nio-8182-exec-2] c.c.p.c.PatientDetailsController         : List of all patient details obtained
2021-12-08 15:01:20.777  INFO 12632 --- [http-nio-8182-exec-5] c.c.p.controller.UserController          : Jwt token is successfully generated
2021-12-08 15:01:51.730  WARN 12632 --- [http-nio-8182-exec-7] RecordAlreadyExsists                     : Record already exists
2021-12-08 15:02:10.937  WARN 12632 --- [http-nio-8182-exec-8] RecordAlreadyExsists                     : Record already exists
2021-12-08 15:02:45.344  INFO 12632 --- [http-nio-8182-exec-9] c.c.p.service.PatientDetailServiceImpl   : MrnNo is unique
2021-12-08 15:02:45.396  INFO 12632 --- [http-nio-8182-exec-9] c.c.p.c.PatientDetailsController         : Patient Details created
2021-12-08 15:03:01.557  INFO 12632 --- [http-nio-8182-exec-10] c.c.p.c.PatientDetailsController         : List of all patient details obtained
2021-12-08 15:03:16.564  INFO 12632 --- [http-nio-8182-exec-1] c.c.p.c.PatientDetailsController         : Patient found with given name
2021-12-08 15:03:28.480  INFO 12632 --- [http-nio-8182-exec-3] c.c.p.c.PatientDetailsController         : Patient Details Successfully Updated
2021-12-08 15:03:31.345  INFO 12632 --- [http-nio-8182-exec-4] c.c.p.c.PatientDetailsController         : List of all patient details obtained
2021-12-08 15:32:47.530  WARN 12632 --- [HikariPool-1 housekeeper] com.zaxxer.hikari.pool.HikariPool        : HikariPool-1 - Thread starvation or clock leap detected (housekeeper delta=5m45s592ms168µs600ns).
2021-12-08 16:29:21.575  WARN 12632 --- [HikariPool-1 housekeeper] com.zaxxer.hikari.pool.HikariPool        : HikariPool-1 - Thread starvation or clock leap detected (housekeeper delta=7m3s255ms617µs300ns).
2021-12-08 16:53:11.279  WARN 12632 --- [HikariPool-1 housekeeper] com.zaxxer.hikari.pool.HikariPool        : HikariPool-1 - Thread starvation or clock leap detected (housekeeper delta=3m49s355ms602µs900ns).
